TN:
SF:C:\dev\ws\istambul-test-coverage-example\spec\spec.js
FNF:0
FNH:0
DA:1,1
DA:2,1
DA:3,1
DA:4,1
DA:11,1
DA:12,1
DA:13,1
DA:14,1
LF:8
LH:8
BRF:0
BRH:0
end_of_record
TN:
SF:C:\dev\ws\istambul-test-coverage-example\spec\index.spec.js
FN:4,(anonymous_1)
FN:6,(anonymous_2)
FN:13,(anonymous_3)
FN:20,(anonymous_4)
FNF:4
FNH:4
FNDA:1,(anonymous_1)
FNDA:1,(anonymous_2)
FNDA:1,(anonymous_3)
FNDA:1,(anonymous_4)
DA:1,1
DA:2,1
DA:4,1
DA:6,1
DA:7,1
DA:8,1
DA:13,1
DA:14,1
DA:15,1
DA:20,1
DA:21,1
DA:22,1
LF:12
LH:12
BRF:0
BRH:0
end_of_record
TN:
SF:C:\dev\ws\istambul-test-coverage-example\index.js
FN:10,(anonymous_1)
FN:14,(anonymous_2)
FN:22,handleCalculatorRequest
FNF:3
FNH:3
FNDA:2,(anonymous_1)
FNDA:1,(anonymous_2)
FNDA:3,handleCalculatorRequest
DA:1,1
DA:2,1
DA:3,1
DA:4,1
DA:5,1
DA:7,1
DA:8,1
DA:10,1
DA:11,2
DA:14,1
DA:15,1
DA:19,1
DA:20,1
DA:22,1
DA:23,3
DA:24,3
DA:25,3
DA:27,3
DA:28,2
DA:31,1
LF:20
LH:20
BRDA:27,1,0,2
BRDA:27,1,1,1
BRF:2
BRH:2
end_of_record
TN:
SF:C:\dev\ws\istambul-test-coverage-example\services\adder.js
FN:1,adder
FN:2,(anonymous_2)
FNF:2
FNH:2
FNDA:1,adder
FNDA:3,(anonymous_2)
DA:1,1
DA:2,1
DA:3,3
DA:7,1
LF:4
LH:4
BRF:0
BRH:0
end_of_record
TN:
SF:C:\dev\ws\istambul-test-coverage-example\services\substractor.js
FN:1,substractor
FN:2,(anonymous_2)
FNF:2
FNH:2
FNDA:1,substractor
FNDA:1,(anonymous_2)
DA:1,1
DA:2,1
DA:3,1
DA:7,1
LF:4
LH:4
BRF:0
BRH:0
end_of_record
TN:
SF:C:\dev\ws\istambul-test-coverage-example\spec\unit\adder.spec.js
FN:3,(anonymous_1)
FN:7,(anonymous_2)
FNF:2
FNH:2
FNDA:1,(anonymous_1)
FNDA:1,(anonymous_2)
DA:1,1
DA:3,1
DA:4,1
DA:5,1
DA:7,1
DA:8,1
DA:9,1
DA:10,1
DA:12,1
LF:9
LH:9
BRF:0
BRH:0
end_of_record
